<?xml version="1.0" encoding="UTF-8"?>
<!-- Generated by org.testng.reporters.JUnitReportReporter -->
<testsuite hostname="DESKTOP-674K7K6" failures="0" tests="1" name="testcase.LoginTest" time="8.759" errors="0" timestamp="2020-05-09T12:28:46 BST" skipped="0">
  <testcase classname="testcase.LoginTest" name="Login" time="8.759"/>
  <system-out/>
</testsuite> <!-- testcase.LoginTest -->
