<?xml version="1.0" encoding="UTF-8"?>
<!-- Generated by org.testng.reporters.JUnitReportReporter -->
<testsuite hostname="DESKTOP-674K7K6" failures="0" tests="1" name="testcase.LoginTestpf" time="9.099" errors="0" timestamp="2020-05-09T12:45:47 BST" skipped="0">
  <testcase classname="testcase.LoginTestpf" name="Login" time="9.099"/>
  <system-out/>
</testsuite> <!-- testcase.LoginTestpf -->
